# JRE version: Java(TM) SE Runtime Environment (16.0.1+9) (build 16.0.1+9-24)
# Java VM: Java HotSpot(TM) 64-Bit Server VM (16.0.1+9-24, mixed mode, sharing, tiered, compressed oops, compressed class ptrs, g1 gc, windows-amd64)
GC Precious Log:
 CPUs: 4 total, 4 available
 Memory: 1962M
 Large Page Support: Disabled
 NUMA Support: Disabled
 Compressed Oops: Enabled (32-bit)
 Heap Region Size: 1M
 Heap Min Capacity: 8M
 Heap Initial Capacity: 32M
 Heap Max Capacity: 492M
 Pre-touch: Disabled
 Parallel Workers: 4
 Concurrent Workers: 1
 Concurrent Refinement Workers: 4
 Periodic GC: Disabled
Heap:
 garbage-first heap   total 32768K, used 10143K [0x00000000e1400000, 0x0000000100000000)
  region size 1024K, 2 young (2048K), 1 survivors (1024K)
 Metaspace       used 21570K, committed 21888K, reserved 1073152K
  class space    used 2653K, committed 2816K, reserved 1048576K
GC Heap History (16 events):
Event: 5.981 GC heap before
{Heap before GC invocations=0 (full 0):
 garbage-first heap   total 32768K, used 13312K [0x00000000e1400000, 0x0000000100000000)
  region size 1024K, 13 young (13312K), 0 survivors (0K)
 Metaspace       used 3892K, committed 4096K, reserved 1056768K
  class space    used 383K, committed 512K, reserved 1048576K
}
Event: 6.096 GC heap after
{Heap after GC invocations=1 (full 0):
 garbage-first heap   total 32768K, used 4277K [0x00000000e1400000, 0x0000000100000000)
  region size 1024K, 2 young (2048K), 2 survivors (2048K)
 Metaspace       used 3892K, committed 4096K, reserved 1056768K
  class space    used 383K, committed 512K, reserved 1048576K
}
Event: 8.914 GC heap before
{Heap before GC invocations=1 (full 0):
 garbage-first heap   total 32768K, used 13493K [0x00000000e1400000, 0x0000000100000000)
  region size 1024K, 11 young (11264K), 2 survivors (2048K)
 Metaspace       used 6514K, committed 6720K, reserved 1056768K
  class space    used 740K, committed 832K, reserved 1048576K
}
Event: 8.949 GC heap after
{Heap after GC invocations=2 (full 0):
 garbage-first heap   total 32768K, used 5419K [0x00000000e1400000, 0x0000000100000000)
  region size 1024K, 1 young (1024K), 1 survivors (1024K)
 Metaspace       used 6514K, committed 6720K, reserved 1056768K
  class space    used 740K, committed 832K, reserved 1048576K
}
Event: 10.749 GC heap before
{Heap before GC invocations=2 (full 0):
 garbage-first heap   total 32768K, used 14635K [0x00000000e1400000, 0x0000000100000000)
  region size 1024K, 11 young (11264K), 1 survivors (1024K)
 Metaspace       used 9136K, committed 9408K, reserved 1064960K
  class space    used 1103K, committed 1216K, reserved 1048576K
}
Event: 10.766 GC heap after
{Heap after GC invocations=3 (full 0):
 garbage-first heap   total 32768K, used 6232K [0x00000000e1400000, 0x0000000100000000)
  region size 1024K, 2 young (2048K), 2 survivors (2048K)
 Metaspace       used 9136K, committed 9408K, reserved 1064960K
  class space    used 1103K, committed 1216K, reserved 1048576K
}
Event: 11.797 GC heap before
{Heap before GC invocations=3 (full 0):
 garbage-first heap   total 32768K, used 17496K [0x00000000e1400000, 0x0000000100000000)
  region size 1024K, 14 young (14336K), 2 survivors (2048K)
 Metaspace       used 12610K, committed 12800K, reserved 1064960K
  class space    used 1497K, committed 1600K, reserved 1048576K
}
Event: 11.807 GC heap after
{Heap after GC invocations=4 (full 0):
 garbage-first heap   total 32768K, used 6784K [0x00000000e1400000, 0x0000000100000000)
  region size 1024K, 2 young (2048K), 2 survivors (2048K)
 Metaspace       used 12610K, committed 12800K, reserved 1064960K
  class space    used 1497K, committed 1600K, reserved 1048576K
}
Event: 13.924 GC heap before
{Heap before GC invocations=4 (full 0):
 garbage-first heap   total 32768K, used 19072K [0x00000000e1400000, 0x0000000100000000)
  region size 1024K, 15 young (15360K), 2 survivors (2048K)
 Metaspace       used 15531K, committed 15744K, reserved 1064960K
  class space    used 1868K, committed 1984K, reserved 1048576K
}
Event: 13.936 GC heap after
{Heap after GC invocations=5 (full 0):
 garbage-first heap   total 32768K, used 7597K [0x00000000e1400000, 0x0000000100000000)
  region size 1024K, 2 young (2048K), 2 survivors (2048K)
 Metaspace       used 15531K, committed 15744K, reserved 1064960K
  class space    used 1868K, committed 1984K, reserved 1048576K
}
Event: 22.689 GC heap before
{Heap before GC invocations=5 (full 0):
 garbage-first heap   total 32768K, used 20909K [0x00000000e1400000, 0x0000000100000000)
  region size 1024K, 15 young (15360K), 2 survivors (2048K)
 Metaspace       used 16937K, committed 17216K, reserved 1064960K
  class space    used 2036K, committed 2176K, reserved 1048576K
}
Event: 22.788 GC heap after
{Heap after GC invocations=6 (full 0):
 garbage-first heap   total 32768K, used 8179K [0x00000000e1400000, 0x0000000100000000)
  region size 1024K, 2 young (2048K), 2 survivors (2048K)
 Metaspace       used 16937K, committed 17216K, reserved 1064960K
  class space    used 2036K, committed 2176K, reserved 1048576K
}
Event: 32.608 GC heap before
{Heap before GC invocations=6 (full 0):
 garbage-first heap   total 32768K, used 21491K [0x00000000e1400000, 0x0000000100000000)
  region size 1024K, 15 young (15360K), 2 survivors (2048K)
 Metaspace       used 19829K, committed 20160K, reserved 1073152K
  class space    used 2396K, committed 2560K, reserved 1048576K
}
Event: 32.693 GC heap after
{Heap after GC invocations=7 (full 0):
 garbage-first heap   total 32768K, used 9270K [0x00000000e1400000, 0x0000000100000000)
  region size 1024K, 2 young (2048K), 2 survivors (2048K)
 Metaspace       used 19829K, committed 20160K, reserved 1073152K
  class space    used 2396K, committed 2560K, reserved 1048576K
}
Event: 34.937 GC heap before
{Heap before GC invocations=7 (full 0):
 garbage-first heap   total 32768K, used 15414K [0x00000000e1400000, 0x0000000100000000)
  region size 1024K, 9 young (9216K), 2 survivors (2048K)
 Metaspace       used 20967K, committed 21248K, reserved 1073152K
  class space    used 2574K, committed 2752K, reserved 1048576K
}
Event: 34.969 GC heap after
{Heap after GC invocations=8 (full 0):
 garbage-first heap   total 32768K, used 10143K [0x00000000e1400000, 0x0000000100000000)
  region size 1024K, 1 young (1024K), 1 survivors (1024K)
 Metaspace       used 20967K, committed 21248K, reserved 1073152K
  class space    used 2574K, committed 2752K, reserved 1048576K
}

