# JRE version: Java(TM) SE Runtime Environment (16.0.1+9) (build 16.0.1+9-24)
# Java VM: Java HotSpot(TM) 64-Bit Server VM (16.0.1+9-24, mixed mode, sharing, tiered, compressed oops, compressed class ptrs, g1 gc, windows-amd64)
GC Precious Log:
 CPUs: 4 total, 4 available
 Memory: 1962M
 Large Page Support: Disabled
 NUMA Support: Disabled
 Compressed Oops: Enabled (32-bit)
 Heap Region Size: 1M
 Heap Min Capacity: 8M
 Heap Initial Capacity: 32M
 Heap Max Capacity: 492M
 Pre-touch: Disabled
 Parallel Workers: 4
 Concurrent Workers: 1
 Concurrent Refinement Workers: 4
 Periodic GC: Disabled
Heap:
 garbage-first heap   total 32768K, used 23263K [0x00000000e1400000, 0x0000000100000000)
  region size 1024K, 13 young (13312K), 2 survivors (2048K)
 Metaspace       used 30395K, committed 30720K, reserved 1081344K
  class space    used 3709K, committed 3904K, reserved 1048576K
GC Heap History (20 events):
Event: 8.232 GC heap before
{Heap before GC invocations=0 (full 0):
 garbage-first heap   total 32768K, used 13312K [0x00000000e1400000, 0x0000000100000000)
  region size 1024K, 13 young (13312K), 0 survivors (0K)
 Metaspace       used 3909K, committed 4096K, reserved 1056768K
  class space    used 381K, committed 512K, reserved 1048576K
}
Event: 8.364 GC heap after
{Heap after GC invocations=1 (full 0):
 garbage-first heap   total 32768K, used 4290K [0x00000000e1400000, 0x0000000100000000)
  region size 1024K, 2 young (2048K), 2 survivors (2048K)
 Metaspace       used 3909K, committed 4096K, reserved 1056768K
  class space    used 381K, committed 512K, reserved 1048576K
}
Event: 13.925 GC heap before
{Heap before GC invocations=1 (full 0):
 garbage-first heap   total 32768K, used 13506K [0x00000000e1400000, 0x0000000100000000)
  region size 1024K, 11 young (11264K), 2 survivors (2048K)
 Metaspace       used 6529K, committed 6720K, reserved 1056768K
  class space    used 738K, committed 832K, reserved 1048576K
}
Event: 13.946 GC heap after
{Heap after GC invocations=2 (full 0):
 garbage-first heap   total 32768K, used 5257K [0x00000000e1400000, 0x0000000100000000)
  region size 1024K, 1 young (1024K), 1 survivors (1024K)
 Metaspace       used 6529K, committed 6720K, reserved 1056768K
  class space    used 738K, committed 832K, reserved 1048576K
}
Event: 16.620 GC heap before
{Heap before GC invocations=2 (full 0):
 garbage-first heap   total 32768K, used 14473K [0x00000000e1400000, 0x0000000100000000)
  region size 1024K, 11 young (11264K), 1 survivors (1024K)
 Metaspace       used 9240K, committed 9472K, reserved 1064960K
  class space    used 1113K, committed 1216K, reserved 1048576K
}
Event: 16.642 GC heap after
{Heap after GC invocations=3 (full 0):
 garbage-first heap   total 32768K, used 6008K [0x00000000e1400000, 0x0000000100000000)
  region size 1024K, 2 young (2048K), 2 survivors (2048K)
 Metaspace       used 9240K, committed 9472K, reserved 1064960K
  class space    used 1113K, committed 1216K, reserved 1048576K
}
Event: 18.195 GC heap before
{Heap before GC invocations=3 (full 0):
 garbage-first heap   total 32768K, used 17272K [0x00000000e1400000, 0x0000000100000000)
  region size 1024K, 14 young (14336K), 2 survivors (2048K)
 Metaspace       used 12546K, committed 12800K, reserved 1064960K
  class space    used 1474K, committed 1600K, reserved 1048576K
}
Event: 18.210 GC heap after
{Heap after GC invocations=4 (full 0):
 garbage-first heap   total 32768K, used 6477K [0x00000000e1400000, 0x0000000100000000)
  region size 1024K, 2 young (2048K), 2 survivors (2048K)
 Metaspace       used 12546K, committed 12800K, reserved 1064960K
  class space    used 1474K, committed 1600K, reserved 1048576K
}
Event: 20.448 GC heap before
{Heap before GC invocations=4 (full 0):
 garbage-first heap   total 32768K, used 19789K [0x00000000e1400000, 0x0000000100000000)
  region size 1024K, 15 young (15360K), 2 survivors (2048K)
 Metaspace       used 15511K, committed 15744K, reserved 1064960K
  class space    used 1864K, committed 1984K, reserved 1048576K
}
Event: 20.458 GC heap after
{Heap after GC invocations=5 (full 0):
 garbage-first heap   total 32768K, used 7527K [0x00000000e1400000, 0x0000000100000000)
  region size 1024K, 2 young (2048K), 2 survivors (2048K)
 Metaspace       used 15511K, committed 15744K, reserved 1064960K
  class space    used 1864K, committed 1984K, reserved 1048576K
}
Event: 24.791 GC heap before
{Heap before GC invocations=5 (full 0):
 garbage-first heap   total 32768K, used 20839K [0x00000000e1400000, 0x0000000100000000)
  region size 1024K, 15 young (15360K), 2 survivors (2048K)
 Metaspace       used 16865K, committed 17088K, reserved 1064960K
  class space    used 2027K, committed 2112K, reserved 1048576K
}
Event: 24.812 GC heap after
{Heap after GC invocations=6 (full 0):
 garbage-first heap   total 32768K, used 8055K [0x00000000e1400000, 0x0000000100000000)
  region size 1024K, 1 young (1024K), 1 survivors (1024K)
 Metaspace       used 16865K, committed 17088K, reserved 1064960K
  class space    used 2027K, committed 2112K, reserved 1048576K
}
Event: 29.599 GC heap before
{Heap before GC invocations=6 (full 0):
 garbage-first heap   total 32768K, used 22391K [0x00000000e1400000, 0x0000000100000000)
  region size 1024K, 15 young (15360K), 1 survivors (1024K)
 Metaspace       used 19866K, committed 20160K, reserved 1073152K
  class space    used 2403K, committed 2560K, reserved 1048576K
}
Event: 29.626 GC heap after
{Heap after GC invocations=7 (full 0):
 garbage-first heap   total 32768K, used 9173K [0x00000000e1400000, 0x0000000100000000)
  region size 1024K, 2 young (2048K), 2 survivors (2048K)
 Metaspace       used 19866K, committed 20160K, reserved 1073152K
  class space    used 2403K, committed 2560K, reserved 1048576K
}
Event: 31.631 GC heap before
{Heap before GC invocations=7 (full 0):
 garbage-first heap   total 32768K, used 15317K [0x00000000e1400000, 0x0000000100000000)
  region size 1024K, 9 young (9216K), 2 survivors (2048K)
 Metaspace       used 20979K, committed 21248K, reserved 1073152K
  class space    used 2574K, committed 2752K, reserved 1048576K
}
Event: 31.657 GC heap after
{Heap after GC invocations=8 (full 0):
 garbage-first heap   total 32768K, used 10068K [0x00000000e1400000, 0x0000000100000000)
  region size 1024K, 1 young (1024K), 1 survivors (1024K)
 Metaspace       used 20979K, committed 21248K, reserved 1073152K
  class space    used 2574K, committed 2752K, reserved 1048576K
}
Event: 38.998 GC heap before
{Heap before GC invocations=9 (full 0):
 garbage-first heap   total 32768K, used 23380K [0x00000000e1400000, 0x0000000100000000)
  region size 1024K, 14 young (14336K), 1 survivors (1024K)
 Metaspace       used 24237K, committed 24512K, reserved 1073152K
  class space    used 2939K, committed 3072K, reserved 1048576K
}
Event: 39.021 GC heap after
{Heap after GC invocations=10 (full 0):
 garbage-first heap   total 32768K, used 11149K [0x00000000e1400000, 0x0000000100000000)
  region size 1024K, 2 young (2048K), 2 survivors (2048K)
 Metaspace       used 24237K, committed 24512K, reserved 1073152K
  class space    used 2939K, committed 3072K, reserved 1048576K
}
Event: 43.149 GC heap before
{Heap before GC invocations=10 (full 0):
 garbage-first heap   total 32768K, used 23437K [0x00000000e1400000, 0x0000000100000000)
  region size 1024K, 14 young (14336K), 2 survivors (2048K)
 Metaspace       used 28536K, committed 28928K, reserved 1081344K
  class space    used 3461K, committed 3648K, reserved 1048576K
}
Event: 43.174 GC heap after
{Heap after GC invocations=11 (full 0):
 garbage-first heap   total 32768K, used 13023K [0x00000000e1400000, 0x0000000100000000)
  region size 1024K, 2 young (2048K), 2 survivors (2048K)
 Metaspace       used 28536K, committed 28928K, reserved 1081344K
  class space    used 3461K, committed 3648K, reserved 1048576K
}

